<?xml version="1.0" encoding="UTF-8"?>
<testsuites>
  <testsuite name="" tests="96" assertions="2159" errors="1" failures="2" skipped="0" time="10.919333">
    <testsuite name="default" tests="96" assertions="2159" errors="1" failures="2" skipped="0" time="10.919333">
      <testsuite name="Tests_Admin_includesTheme" file="/Applications/XAMPP/xamppfiles/htdocs/wp-testing/wordpress-develop/tests/phpunit/tests/admin/includesTheme.php" tests="5" assertions="21" errors="0" failures="0" skipped="0" time="0.697061">
        <testcase name="test_page_templates" class="Tests_Admin_includesTheme" classname="Tests_Admin_includesTheme" file="/Applications/XAMPP/xamppfiles/htdocs/wp-testing/wordpress-develop/tests/phpunit/tests/admin/includesTheme.php" line="45" assertions="5" time="0.209707"/>
        <testcase name="test_page_templates_different_post_types" class="Tests_Admin_includesTheme" classname="Tests_Admin_includesTheme" file="/Applications/XAMPP/xamppfiles/htdocs/wp-testing/wordpress-develop/tests/phpunit/tests/admin/includesTheme.php" line="78" assertions="4" time="0.120342"/>
        <testcase name="test_page_templates_for_post_types_with_trailing_periods" class="Tests_Admin_includesTheme" classname="Tests_Admin_includesTheme" file="/Applications/XAMPP/xamppfiles/htdocs/wp-testing/wordpress-develop/tests/phpunit/tests/admin/includesTheme.php" line="104" assertions="3" time="0.118364"/>
        <testcase name="test_page_templates_child_theme" class="Tests_Admin_includesTheme" classname="Tests_Admin_includesTheme" file="/Applications/XAMPP/xamppfiles/htdocs/wp-testing/wordpress-develop/tests/phpunit/tests/admin/includesTheme.php" line="136" assertions="5" time="0.126967"/>
        <testcase name="test_get_post_templates_child_theme" class="Tests_Admin_includesTheme" classname="Tests_Admin_includesTheme" file="/Applications/XAMPP/xamppfiles/htdocs/wp-testing/wordpress-develop/tests/phpunit/tests/admin/includesTheme.php" line="175" assertions="4" time="0.121681"/>
      </testsuite>
      <testsuite name="Tests_File" file="/Applications/XAMPP/xamppfiles/htdocs/wp-testing/wordpress-develop/tests/phpunit/tests/file.php" tests="2" assertions="9" errors="0" failures="0" skipped="0" time="0.113507">
        <testcase name="test_get_file_data" class="Tests_File" classname="Tests_File" file="/Applications/XAMPP/xamppfiles/htdocs/wp-testing/wordpress-develop/tests/phpunit/tests/file.php" line="22" assertions="6" time="0.055218"/>
        <testcase name="test_get_file_data_cr_line_endings" class="Tests_File" classname="Tests_File" file="/Applications/XAMPP/xamppfiles/htdocs/wp-testing/wordpress-develop/tests/phpunit/tests/file.php" line="52" assertions="3" time="0.058289"/>
      </testsuite>
      <testsuite name="Tests_Template" file="/Applications/XAMPP/xamppfiles/htdocs/wp-testing/wordpress-develop/tests/phpunit/tests/template.php" tests="21" assertions="22" errors="0" failures="0" skipped="0" time="2.843915">
        <testcase name="test_404_template_hierarchy" class="Tests_Template" classname="Tests_Template" file="/Applications/XAMPP/xamppfiles/htdocs/wp-testing/wordpress-develop/tests/phpunit/tests/template.php" line="93" assertions="1" time="0.140666"/>
        <testcase name="test_author_template_hierarchy" class="Tests_Template" classname="Tests_Template" file="/Applications/XAMPP/xamppfiles/htdocs/wp-testing/wordpress-develop/tests/phpunit/tests/template.php" line="109" assertions="1" time="0.215094"/>
        <testcase name="test_category_template_hierarchy" class="Tests_Template" classname="Tests_Template" file="/Applications/XAMPP/xamppfiles/htdocs/wp-testing/wordpress-develop/tests/phpunit/tests/template.php" line="127" assertions="1" time="0.123538"/>
        <testcase name="test_tag_template_hierarchy" class="Tests_Template" classname="Tests_Template" file="/Applications/XAMPP/xamppfiles/htdocs/wp-testing/wordpress-develop/tests/phpunit/tests/template.php" line="147" assertions="1" time="0.135650"/>
        <testcase name="test_taxonomy_template_hierarchy" class="Tests_Template" classname="Tests_Template" file="/Applications/XAMPP/xamppfiles/htdocs/wp-testing/wordpress-develop/tests/phpunit/tests/template.php" line="167" assertions="1" time="0.135002"/>
        <testcase name="test_date_template_hierarchy_for_year" class="Tests_Template" classname="Tests_Template" file="/Applications/XAMPP/xamppfiles/htdocs/wp-testing/wordpress-develop/tests/phpunit/tests/template.php" line="187" assertions="1" time="0.154573"/>
        <testcase name="test_date_template_hierarchy_for_month" class="Tests_Template" classname="Tests_Template" file="/Applications/XAMPP/xamppfiles/htdocs/wp-testing/wordpress-develop/tests/phpunit/tests/template.php" line="197" assertions="1" time="0.116822"/>
        <testcase name="test_date_template_hierarchy_for_day" class="Tests_Template" classname="Tests_Template" file="/Applications/XAMPP/xamppfiles/htdocs/wp-testing/wordpress-develop/tests/phpunit/tests/template.php" line="207" assertions="1" time="0.123995"/>
        <testcase name="test_search_template_hierarchy" class="Tests_Template" classname="Tests_Template" file="/Applications/XAMPP/xamppfiles/htdocs/wp-testing/wordpress-develop/tests/phpunit/tests/template.php" line="217" assertions="1" time="0.119593"/>
        <testcase name="test_front_page_template_hierarchy_with_posts_on_front" class="Tests_Template" classname="Tests_Template" file="/Applications/XAMPP/xamppfiles/htdocs/wp-testing/wordpress-develop/tests/phpunit/tests/template.php" line="233" assertions="2" time="0.108337"/>
        <testcase name="test_front_page_template_hierarchy_with_page_on_front" class="Tests_Template" classname="Tests_Template" file="/Applications/XAMPP/xamppfiles/htdocs/wp-testing/wordpress-develop/tests/phpunit/tests/template.php" line="245" assertions="1" time="0.121383"/>
        <testcase name="test_home_template_hierarchy_with_page_on_front" class="Tests_Template" classname="Tests_Template" file="/Applications/XAMPP/xamppfiles/htdocs/wp-testing/wordpress-develop/tests/phpunit/tests/template.php" line="263" assertions="1" time="0.166773"/>
        <testcase name="test_page_template_hierarchy" class="Tests_Template" classname="Tests_Template" file="/Applications/XAMPP/xamppfiles/htdocs/wp-testing/wordpress-develop/tests/phpunit/tests/template.php" line="277" assertions="1" time="0.102135"/>
        <testcase name="test_privacy_template_hierarchy" class="Tests_Template" classname="Tests_Template" file="/Applications/XAMPP/xamppfiles/htdocs/wp-testing/wordpress-develop/tests/phpunit/tests/template.php" line="295" assertions="1" time="0.110156"/>
        <testcase name="test_single_template_hierarchy_for_post" class="Tests_Template" classname="Tests_Template" file="/Applications/XAMPP/xamppfiles/htdocs/wp-testing/wordpress-develop/tests/phpunit/tests/template.php" line="313" assertions="1" time="0.112843"/>
        <testcase name="test_single_template_hierarchy_for_custom_post_type" class="Tests_Template" classname="Tests_Template" file="/Applications/XAMPP/xamppfiles/htdocs/wp-testing/wordpress-develop/tests/phpunit/tests/template.php" line="327" assertions="1" time="0.133411"/>
        <testcase name="test_single_template_hierarchy_for_custom_post_type_with_template" class="Tests_Template" classname="Tests_Template" file="/Applications/XAMPP/xamppfiles/htdocs/wp-testing/wordpress-develop/tests/phpunit/tests/template.php" line="350" assertions="1" time="0.134754"/>
        <testcase name="test_attachment_template_hierarchy" class="Tests_Template" classname="Tests_Template" file="/Applications/XAMPP/xamppfiles/htdocs/wp-testing/wordpress-develop/tests/phpunit/tests/template.php" line="372" assertions="1" time="0.131519"/>
        <testcase name="test_attachment_template_hierarchy_with_template" class="Tests_Template" classname="Tests_Template" file="/Applications/XAMPP/xamppfiles/htdocs/wp-testing/wordpress-develop/tests/phpunit/tests/template.php" line="399" assertions="1" time="0.131403"/>
        <testcase name="test_embed_template_hierarchy_for_post" class="Tests_Template" classname="Tests_Template" file="/Applications/XAMPP/xamppfiles/htdocs/wp-testing/wordpress-develop/tests/phpunit/tests/template.php" line="426" assertions="1" time="0.116549"/>
        <testcase name="test_embed_template_hierarchy_for_page" class="Tests_Template" classname="Tests_Template" file="/Applications/XAMPP/xamppfiles/htdocs/wp-testing/wordpress-develop/tests/phpunit/tests/template.php" line="443" assertions="1" time="0.209717"/>
      </testsuite>
      <testsuite name="Tests_Theme" file="/Applications/XAMPP/xamppfiles/htdocs/wp-testing/wordpress-develop/tests/phpunit/tests/theme.php" tests="13" assertions="1728" errors="1" failures="2" skipped="0" time="2.754286">
        <testcase name="test_wp_get_themes_default" class="Tests_Theme" classname="Tests_Theme" file="/Applications/XAMPP/xamppfiles/htdocs/wp-testing/wordpress-develop/tests/phpunit/tests/theme.php" line="49" assertions="4" time="0.086156"/>
        <testcase name="test_get_themes_default" class="Tests_Theme" classname="Tests_Theme" file="/Applications/XAMPP/xamppfiles/htdocs/wp-testing/wordpress-develop/tests/phpunit/tests/theme.php" line="63" assertions="6" time="0.080248"/>
        <testcase name="test_get_theme" class="Tests_Theme" classname="Tests_Theme" file="/Applications/XAMPP/xamppfiles/htdocs/wp-testing/wordpress-develop/tests/phpunit/tests/theme.php" line="77" assertions="31" time="0.088225"/>
        <testcase name="test_wp_get_theme" class="Tests_Theme" classname="Tests_Theme" file="/Applications/XAMPP/xamppfiles/htdocs/wp-testing/wordpress-develop/tests/phpunit/tests/theme.php" line="88" assertions="40" time="0.180598"/>
        <testcase name="test_get_themes_contents" class="Tests_Theme" classname="Tests_Theme" file="/Applications/XAMPP/xamppfiles/htdocs/wp-testing/wordpress-develop/tests/phpunit/tests/theme.php" line="103" assertions="889" time="0.262789"/>
        <testcase name="test_wp_get_theme_contents" class="Tests_Theme" classname="Tests_Theme" file="/Applications/XAMPP/xamppfiles/htdocs/wp-testing/wordpress-develop/tests/phpunit/tests/theme.php" line="172" assertions="13" time="0.093801"/>
        <testcase name="test_default_theme_in_default_theme_list" class="Tests_Theme" classname="Tests_Theme" file="/Applications/XAMPP/xamppfiles/htdocs/wp-testing/wordpress-develop/tests/phpunit/tests/theme.php" line="197" assertions="1" time="0.103953">
          <failure type="PHPUnit\Framework\ExpectationFailedException">Tests_Theme::test_default_theme_in_default_theme_list
Failed asserting that an array contains 'twentytwenty'.

/Applications/XAMPP/xamppfiles/htdocs/wp-testing/wordpress-develop/tests/phpunit/tests/theme.php:202
</failure>
        </testcase>
        <testcase name="test_default_themes_have_textdomain" class="Tests_Theme" classname="Tests_Theme" file="/Applications/XAMPP/xamppfiles/htdocs/wp-testing/wordpress-develop/tests/phpunit/tests/theme.php" line="205" assertions="0" time="0.085108">
          <error type="PHPUnit\Framework\RiskyTestError">Risky Test
</error>
        </testcase>
        <testcase name="test_year_in_readme" class="Tests_Theme" classname="Tests_Theme" file="/Applications/XAMPP/xamppfiles/htdocs/wp-testing/wordpress-develop/tests/phpunit/tests/theme.php" line="216" assertions="1" time="0.083376">
          <failure type="PHPUnit\Framework\ExpectationFailedException">Tests_Theme::test_year_in_readme
Failed asserting that file "/Applications/XAMPP/xamppfiles/htdocs/wp-testing/wordpress-develop/build/wp-content/themes/twentytswenty/readme.txt" exists.

/Applications/XAMPP/xamppfiles/htdocs/wp-testing/wordpress-develop/tests/phpunit/tests/theme.php:224
</failure>
        </testcase>
        <testcase name="test_extra_theme_headers" class="Tests_Theme" classname="Tests_Theme" file="/Applications/XAMPP/xamppfiles/htdocs/wp-testing/wordpress-develop/tests/phpunit/tests/theme.php" line="244" assertions="7" time="0.111254"/>
        <testcase name="test_switch_theme" class="Tests_Theme" classname="Tests_Theme" file="/Applications/XAMPP/xamppfiles/htdocs/wp-testing/wordpress-develop/tests/phpunit/tests/theme.php" line="264" assertions="721" time="0.901612"/>
        <testcase name="test_switch_theme_bogus" class="Tests_Theme" classname="Tests_Theme" file="/Applications/XAMPP/xamppfiles/htdocs/wp-testing/wordpress-develop/tests/phpunit/tests/theme.php" line="335" assertions="5" time="0.115081"/>
        <testcase name="test_wp_keep_alive_customize_changeset_dependent_auto_drafts" class="Tests_Theme" classname="Tests_Theme" file="/Applications/XAMPP/xamppfiles/htdocs/wp-testing/wordpress-develop/tests/phpunit/tests/theme.php" line="357" assertions="10" time="0.562085"/>
      </testsuite>
      <testsuite name="Tests_Theme_WPTheme" file="/Applications/XAMPP/xamppfiles/htdocs/wp-testing/wordpress-develop/tests/phpunit/tests/theme/WPTheme.php" tests="7" assertions="45" errors="0" failures="0" skipped="0" time="0.607568">
        <testcase name="test_new_WP_Theme_top_level" class="Tests_Theme_WPTheme" classname="Tests_Theme_WPTheme" file="/Applications/XAMPP/xamppfiles/htdocs/wp-testing/wordpress-develop/tests/phpunit/tests/theme/WPTheme.php" line="35" assertions="11" time="0.096728"/>
        <testcase name="test_new_WP_Theme_subdir" class="Tests_Theme_WPTheme" classname="Tests_Theme_WPTheme" file="/Applications/XAMPP/xamppfiles/htdocs/wp-testing/wordpress-develop/tests/phpunit/tests/theme/WPTheme.php" line="54" assertions="11" time="0.083904"/>
        <testcase name="test_new_WP_Theme_subdir_bad_root" class="Tests_Theme_WPTheme" classname="Tests_Theme_WPTheme" file="/Applications/XAMPP/xamppfiles/htdocs/wp-testing/wordpress-develop/tests/phpunit/tests/theme/WPTheme.php" line="76" assertions="11" time="0.081730"/>
        <testcase name="test_wp_theme_uris_with_spaces" class="Tests_Theme_WPTheme" classname="Tests_Theme_WPTheme" file="/Applications/XAMPP/xamppfiles/htdocs/wp-testing/wordpress-develop/tests/phpunit/tests/theme/WPTheme.php" line="99" assertions="4" time="0.119150"/>
        <testcase name="test_theme_uris_with_spaces" class="Tests_Theme_WPTheme" classname="Tests_Theme_WPTheme" file="/Applications/XAMPP/xamppfiles/htdocs/wp-testing/wordpress-develop/tests/phpunit/tests/theme/WPTheme.php" line="116" assertions="2" time="0.077350"/>
        <testcase name="test_display_method_on_get_method_failure" class="Tests_Theme_WPTheme" classname="Tests_Theme_WPTheme" file="/Applications/XAMPP/xamppfiles/htdocs/wp-testing/wordpress-develop/tests/phpunit/tests/theme/WPTheme.php" line="135" assertions="4" time="0.074936"/>
        <testcase name="test_child_theme_with_itself_as_parent_should_appear_as_broken" class="Tests_Theme_WPTheme" classname="Tests_Theme_WPTheme" file="/Applications/XAMPP/xamppfiles/htdocs/wp-testing/wordpress-develop/tests/phpunit/tests/theme/WPTheme.php" line="146" assertions="2" time="0.073770"/>
      </testsuite>
      <testsuite name="Tests_Theme_Custom_Header" file="/Applications/XAMPP/xamppfiles/htdocs/wp-testing/wordpress-develop/tests/phpunit/tests/theme/customHeader.php" tests="23" assertions="42" errors="0" failures="0" skipped="0" time="2.145667">
        <testcase name="test_add_and_remove_theme_support" class="Tests_Theme_Custom_Header" classname="Tests_Theme_Custom_Header" file="/Applications/XAMPP/xamppfiles/htdocs/wp-testing/wordpress-develop/tests/phpunit/tests/theme/customHeader.php" line="45" assertions="2" time="0.069464"/>
        <testcase name="test_get_header_image_without_registered_default" class="Tests_Theme_Custom_Header" classname="Tests_Theme_Custom_Header" file="/Applications/XAMPP/xamppfiles/htdocs/wp-testing/wordpress-develop/tests/phpunit/tests/theme/customHeader.php" line="52" assertions="2" time="0.077232"/>
        <testcase name="test_get_header_image_with_registered_default" class="Tests_Theme_Custom_Header" classname="Tests_Theme_Custom_Header" file="/Applications/XAMPP/xamppfiles/htdocs/wp-testing/wordpress-develop/tests/phpunit/tests/theme/customHeader.php" line="59" assertions="2" time="0.077683"/>
        <testcase name="test_get_header_image_from_theme_mod" class="Tests_Theme_Custom_Header" classname="Tests_Theme_Custom_Header" file="/Applications/XAMPP/xamppfiles/htdocs/wp-testing/wordpress-develop/tests/phpunit/tests/theme/customHeader.php" line="68" assertions="4" time="0.146079"/>
        <testcase name="test_get_header_image_tag_without_registered_default_image" class="Tests_Theme_Custom_Header" classname="Tests_Theme_Custom_Header" file="/Applications/XAMPP/xamppfiles/htdocs/wp-testing/wordpress-develop/tests/phpunit/tests/theme/customHeader.php" line="84" assertions="1" time="0.108853"/>
        <testcase name="test_get_header_image_tag_with_registered_default_image" class="Tests_Theme_Custom_Header" classname="Tests_Theme_Custom_Header" file="/Applications/XAMPP/xamppfiles/htdocs/wp-testing/wordpress-develop/tests/phpunit/tests/theme/customHeader.php" line="90" assertions="2" time="0.112326"/>
        <testcase name="test_get_header_image_tag_with_registered_default_image_and_remove_header_theme_mod" class="Tests_Theme_Custom_Header" classname="Tests_Theme_Custom_Header" file="/Applications/XAMPP/xamppfiles/htdocs/wp-testing/wordpress-develop/tests/phpunit/tests/theme/customHeader.php" line="102" assertions="1" time="0.079219"/>
        <testcase name="test_get_header_image_tag_with_registered_default_image_and_custom_theme_mod" class="Tests_Theme_Custom_Header" classname="Tests_Theme_Custom_Header" file="/Applications/XAMPP/xamppfiles/htdocs/wp-testing/wordpress-develop/tests/phpunit/tests/theme/customHeader.php" line="111" assertions="2" time="0.077535"/>
        <testcase name="test_get_custom_header_markup_without_registered_default_image" class="Tests_Theme_Custom_Header" classname="Tests_Theme_Custom_Header" file="/Applications/XAMPP/xamppfiles/htdocs/wp-testing/wordpress-develop/tests/phpunit/tests/theme/customHeader.php" line="122" assertions="3" time="0.098894"/>
        <testcase name="test_get_custom_header_markup_with_registered_default_image" class="Tests_Theme_Custom_Header" classname="Tests_Theme_Custom_Header" file="/Applications/XAMPP/xamppfiles/htdocs/wp-testing/wordpress-develop/tests/phpunit/tests/theme/customHeader.php" line="135" assertions="3" time="0.088616"/>
        <testcase name="test_get_header_video_url" class="Tests_Theme_Custom_Header" classname="Tests_Theme_Custom_Header" file="/Applications/XAMPP/xamppfiles/htdocs/wp-testing/wordpress-develop/tests/phpunit/tests/theme/customHeader.php" line="144" assertions="3" time="0.084705"/>
        <testcase name="test_get_external_header_video_url" class="Tests_Theme_Custom_Header" classname="Tests_Theme_Custom_Header" file="/Applications/XAMPP/xamppfiles/htdocs/wp-testing/wordpress-develop/tests/phpunit/tests/theme/customHeader.php" line="153" assertions="3" time="0.092589"/>
        <testcase name="test_get_header_video_url_prefers_local_video" class="Tests_Theme_Custom_Header" classname="Tests_Theme_Custom_Header" file="/Applications/XAMPP/xamppfiles/htdocs/wp-testing/wordpress-develop/tests/phpunit/tests/theme/customHeader.php" line="163" assertions="1" time="0.085491"/>
        <testcase name="test_get_custom_header_markup_with_video_and_without_an_image" class="Tests_Theme_Custom_Header" classname="Tests_Theme_Custom_Header" file="/Applications/XAMPP/xamppfiles/htdocs/wp-testing/wordpress-develop/tests/phpunit/tests/theme/customHeader.php" line="172" assertions="3" time="0.089255"/>
        <testcase name="test_header_script_is_not_enqueued_by_the_custom_header_markup_without_video" class="Tests_Theme_Custom_Header" classname="Tests_Theme_Custom_Header" file="/Applications/XAMPP/xamppfiles/htdocs/wp-testing/wordpress-develop/tests/phpunit/tests/theme/customHeader.php" line="188" assertions="2" time="0.092224"/>
        <testcase name="test_header_script_is_not_enqueued_by_the_custom_header_markup_when_active_callback_is_false" class="Tests_Theme_Custom_Header" classname="Tests_Theme_Custom_Header" file="/Applications/XAMPP/xamppfiles/htdocs/wp-testing/wordpress-develop/tests/phpunit/tests/theme/customHeader.php" line="209" assertions="1" time="0.076647"/>
        <testcase name="test_header_script_is_enqueued_by_the_custom_header_markup_without_video_when_previewing_in_customizer" class="Tests_Theme_Custom_Header" classname="Tests_Theme_Custom_Header" file="/Applications/XAMPP/xamppfiles/htdocs/wp-testing/wordpress-develop/tests/phpunit/tests/theme/customHeader.php" line="224" assertions="1" time="0.098090"/>
        <testcase name="test_header_script_is_enqueued_by_the_custom_header_markup_with_video" class="Tests_Theme_Custom_Header" classname="Tests_Theme_Custom_Header" file="/Applications/XAMPP/xamppfiles/htdocs/wp-testing/wordpress-develop/tests/phpunit/tests/theme/customHeader.php" line="239" assertions="1" time="0.086826"/>
        <testcase name="test_video_header_callback_front_page_from_front_page" class="Tests_Theme_Custom_Header" classname="Tests_Theme_Custom_Header" file="/Applications/XAMPP/xamppfiles/htdocs/wp-testing/wordpress-develop/tests/phpunit/tests/theme/customHeader.php" line="257" assertions="1" time="0.142726"/>
        <testcase name="test_video_header_callback_front_page_from_elsewhere" class="Tests_Theme_Custom_Header" classname="Tests_Theme_Custom_Header" file="/Applications/XAMPP/xamppfiles/htdocs/wp-testing/wordpress-develop/tests/phpunit/tests/theme/customHeader.php" line="274" assertions="1" time="0.092354"/>
        <testcase name="test_video_header_callback_globally_from_front_page" class="Tests_Theme_Custom_Header" classname="Tests_Theme_Custom_Header" file="/Applications/XAMPP/xamppfiles/htdocs/wp-testing/wordpress-develop/tests/phpunit/tests/theme/customHeader.php" line="291" assertions="1" time="0.090343"/>
        <testcase name="test_video_header_callback_globally_from_elsewhere" class="Tests_Theme_Custom_Header" classname="Tests_Theme_Custom_Header" file="/Applications/XAMPP/xamppfiles/htdocs/wp-testing/wordpress-develop/tests/phpunit/tests/theme/customHeader.php" line="309" assertions="1" time="0.090228"/>
        <testcase name="test_video_header_callback_globally_with_negative_filter" class="Tests_Theme_Custom_Header" classname="Tests_Theme_Custom_Header" file="/Applications/XAMPP/xamppfiles/htdocs/wp-testing/wordpress-develop/tests/phpunit/tests/theme/customHeader.php" line="327" assertions="1" time="0.088287"/>
      </testsuite>
      <testsuite name="Tests_WP_Theme_Get_Theme_Starter_Content" file="/Applications/XAMPP/xamppfiles/htdocs/wp-testing/wordpress-develop/tests/phpunit/tests/theme/getThemeStarterContent.php" tests="4" assertions="136" errors="0" failures="0" skipped="0" time="0.234130">
        <testcase name="test_add_theme_support_empty" class="Tests_WP_Theme_Get_Theme_Starter_Content" classname="Tests_WP_Theme_Get_Theme_Starter_Content" file="/Applications/XAMPP/xamppfiles/htdocs/wp-testing/wordpress-develop/tests/phpunit/tests/theme/getThemeStarterContent.php" line="13" assertions="1" time="0.057686"/>
        <testcase name="test_add_theme_support_single_param" class="Tests_WP_Theme_Get_Theme_Starter_Content" classname="Tests_WP_Theme_Get_Theme_Starter_Content" file="/Applications/XAMPP/xamppfiles/htdocs/wp-testing/wordpress-develop/tests/phpunit/tests/theme/getThemeStarterContent.php" line="23" assertions="1" time="0.056457"/>
        <testcase name="test_default_content_sections" class="Tests_WP_Theme_Get_Theme_Starter_Content" classname="Tests_WP_Theme_Get_Theme_Starter_Content" file="/Applications/XAMPP/xamppfiles/htdocs/wp-testing/wordpress-develop/tests/phpunit/tests/theme/getThemeStarterContent.php" line="33" assertions="130" time="0.062394"/>
        <testcase name="test_get_theme_starter_content_filter" class="Tests_WP_Theme_Get_Theme_Starter_Content" classname="Tests_WP_Theme_Get_Theme_Starter_Content" file="/Applications/XAMPP/xamppfiles/htdocs/wp-testing/wordpress-develop/tests/phpunit/tests/theme/getThemeStarterContent.php" line="175" assertions="4" time="0.057593"/>
      </testsuite>
      <testsuite name="Tests_Theme_Support" file="/Applications/XAMPP/xamppfiles/htdocs/wp-testing/wordpress-develop/tests/phpunit/tests/theme/support.php" tests="11" assertions="63" errors="0" failures="0" skipped="0" time="0.640877">
        <testcase name="test_the_basics" class="Tests_Theme_Support" classname="Tests_Theme_Support" file="/Applications/XAMPP/xamppfiles/htdocs/wp-testing/wordpress-develop/tests/phpunit/tests/theme/support.php" line="8" assertions="3" time="0.064682"/>
        <testcase name="test_admin_bar" class="Tests_Theme_Support" classname="Tests_Theme_Support" file="/Applications/XAMPP/xamppfiles/htdocs/wp-testing/wordpress-develop/tests/phpunit/tests/theme/support.php" line="17" assertions="7" time="0.054468"/>
        <testcase name="test_post_thumbnails" class="Tests_Theme_Support" classname="Tests_Theme_Support" file="/Applications/XAMPP/xamppfiles/htdocs/wp-testing/wordpress-develop/tests/phpunit/tests/theme/support.php" line="37" assertions="3" time="0.055399"/>
        <testcase name="test_post_thumbnails_flat_array_of_post_types" class="Tests_Theme_Support" classname="Tests_Theme_Support" file="/Applications/XAMPP/xamppfiles/htdocs/wp-testing/wordpress-develop/tests/phpunit/tests/theme/support.php" line="46" assertions="3" time="0.055335"/>
        <testcase name="test_post_thumbnails_mixed_args" class="Tests_Theme_Support" classname="Tests_Theme_Support" file="/Applications/XAMPP/xamppfiles/htdocs/wp-testing/wordpress-develop/tests/phpunit/tests/theme/support.php" line="59" assertions="5" time="0.057358"/>
        <testcase name="test_supports_html5" class="Tests_Theme_Support" classname="Tests_Theme_Support" file="/Applications/XAMPP/xamppfiles/htdocs/wp-testing/wordpress-develop/tests/phpunit/tests/theme/support.php" line="80" assertions="8" time="0.058252"/>
        <testcase name="test_supports_html5_subset" class="Tests_Theme_Support" classname="Tests_Theme_Support" file="/Applications/XAMPP/xamppfiles/htdocs/wp-testing/wordpress-develop/tests/phpunit/tests/theme/support.php" line="97" assertions="16" time="0.058164"/>
        <testcase name="test_supports_html5_invalid" class="Tests_Theme_Support" classname="Tests_Theme_Support" file="/Applications/XAMPP/xamppfiles/htdocs/wp-testing/wordpress-develop/tests/phpunit/tests/theme/support.php" line="128" assertions="4" time="0.054853"/>
        <testcase name="test_plugin_hook" class="Tests_Theme_Support" classname="Tests_Theme_Support" file="/Applications/XAMPP/xamppfiles/htdocs/wp-testing/wordpress-develop/tests/phpunit/tests/theme/support.php" line="142" assertions="5" time="0.056271"/>
        <testcase name="test_supports_menus" class="Tests_Theme_Support" classname="Tests_Theme_Support" file="/Applications/XAMPP/xamppfiles/htdocs/wp-testing/wordpress-develop/tests/phpunit/tests/theme/support.php" line="160" assertions="6" time="0.064804"/>
        <testcase name="test_responsive_embeds" class="Tests_Theme_Support" classname="Tests_Theme_Support" file="/Applications/XAMPP/xamppfiles/htdocs/wp-testing/wordpress-develop/tests/phpunit/tests/theme/support.php" line="190" assertions="3" time="0.061291"/>
      </testsuite>
      <testsuite name="Tests_Theme_ThemeDir" file="/Applications/XAMPP/xamppfiles/htdocs/wp-testing/wordpress-develop/tests/phpunit/tests/theme/themeDir.php" tests="10" assertions="93" errors="0" failures="0" skipped="0" time="0.882323">
        <testcase name="test_theme_default" class="Tests_Theme_ThemeDir" classname="Tests_Theme_ThemeDir" file="/Applications/XAMPP/xamppfiles/htdocs/wp-testing/wordpress-develop/tests/phpunit/tests/theme/themeDir.php" line="46" assertions="17" time="0.102235"/>
        <testcase name="test_theme_sandbox" class="Tests_Theme_ThemeDir" classname="Tests_Theme_ThemeDir" file="/Applications/XAMPP/xamppfiles/htdocs/wp-testing/wordpress-develop/tests/phpunit/tests/theme/themeDir.php" line="77" assertions="16" time="0.097393"/>
        <testcase name="test_theme_stylesheet_only" class="Tests_Theme_ThemeDir" classname="Tests_Theme_ThemeDir" file="/Applications/XAMPP/xamppfiles/htdocs/wp-testing/wordpress-develop/tests/phpunit/tests/theme/themeDir.php" line="113" assertions="16" time="0.088886"/>
        <testcase name="test_theme_list" class="Tests_Theme_ThemeDir" classname="Tests_Theme_ThemeDir" file="/Applications/XAMPP/xamppfiles/htdocs/wp-testing/wordpress-develop/tests/phpunit/tests/theme/themeDir.php" line="143" assertions="2" time="0.083490"/>
        <testcase name="test_broken_themes" class="Tests_Theme_ThemeDir" classname="Tests_Theme_ThemeDir" file="/Applications/XAMPP/xamppfiles/htdocs/wp-testing/wordpress-develop/tests/phpunit/tests/theme/themeDir.php" line="178" assertions="2" time="0.101579"/>
        <testcase name="test_wp_get_theme_with_non_default_theme_root" class="Tests_Theme_ThemeDir" classname="Tests_Theme_ThemeDir" file="/Applications/XAMPP/xamppfiles/htdocs/wp-testing/wordpress-develop/tests/phpunit/tests/theme/themeDir.php" line="197" assertions="2" time="0.089559"/>
        <testcase name="test_page_templates" class="Tests_Theme_ThemeDir" classname="Tests_Theme_ThemeDir" file="/Applications/XAMPP/xamppfiles/htdocs/wp-testing/wordpress-develop/tests/phpunit/tests/theme/themeDir.php" line="205" assertions="3" time="0.085950"/>
        <testcase name="test_get_theme_data_top_level" class="Tests_Theme_ThemeDir" classname="Tests_Theme_ThemeDir" file="/Applications/XAMPP/xamppfiles/htdocs/wp-testing/wordpress-develop/tests/phpunit/tests/theme/themeDir.php" line="218" assertions="12" time="0.080328"/>
        <testcase name="test_get_theme_data_subdir" class="Tests_Theme_ThemeDir" classname="Tests_Theme_ThemeDir" file="/Applications/XAMPP/xamppfiles/htdocs/wp-testing/wordpress-develop/tests/phpunit/tests/theme/themeDir.php" line="237" assertions="12" time="0.076921"/>
        <testcase name="test_theme_dir_slashes" class="Tests_Theme_ThemeDir" classname="Tests_Theme_ThemeDir" file="/Applications/XAMPP/xamppfiles/htdocs/wp-testing/wordpress-develop/tests/phpunit/tests/theme/themeDir.php" line="256" assertions="11" time="0.075982"/>
      </testsuite>
    </testsuite>
  </testsuite>
</testsuites>
